[ 2015-05-11T00:02:12+08:00 ] 127.0.0.1 /htdocs/index.php/Home/index/lessons_add?id=1
INFO: [ app_init ] --START--
INFO: Run Behavior\BuildLiteBehavior [ RunTime:0.000000s ]
INFO: [ app_init ] --END-- [ RunTime:0.002000s ]

[ 2015-05-11T00:02:16+08:00 ] 127.0.0.1 /htdocs/index.php/Home/index/
INFO: [ app_init ] --START--
INFO: Run Behavior\BuildLiteBehavior [ RunTime:0.000000s ]
INFO: [ app_init ] --END-- [ RunTime:0.002000s ]

[ 2015-05-11T00:02:16+08:00 ] 127.0.0.1 /htdocs/index.php/Home/index/
INFO: [ app_init ] --START--
INFO: Run Behavior\BuildLiteBehavior [ RunTime:0.000000s ]
INFO: [ app_init ] --END-- [ RunTime:0.002000s ]

[ 2015-05-11T00:02:17+08:00 ] 127.0.0.1 /htdocs/index.php/Home/index/
INFO: [ app_init ] --START--
INFO: Run Behavior\BuildLiteBehavior [ RunTime:0.001000s ]
INFO: [ app_init ] --END-- [ RunTime:0.002000s ]

[ 2015-05-11T00:02:17+08:00 ] 127.0.0.1 /htdocs/index.php/Home/index/
INFO: [ app_init ] --START--
INFO: Run Behavior\BuildLiteBehavior [ RunTime:0.001000s ]
INFO: [ app_init ] --END-- [ RunTime:0.002000s ]

[ 2015-05-11T00:02:18+08:00 ] 127.0.0.1 /htdocs/index.php/Home/index/welcome
INFO: [ app_init ] --START--
INFO: Run Behavior\BuildLiteBehavior [ RunTime:0.000000s ]
INFO: [ app_init ] --END-- [ RunTime:0.001000s ]

[ 2015-05-11T00:02:19+08:00 ] 127.0.0.1 /htdocs/index.php/Home/index/lessons
INFO: [ app_init ] --START--
INFO: Run Behavior\BuildLiteBehavior [ RunTime:0.001000s ]
INFO: [ app_init ] --END-- [ RunTime:0.004000s ]

[ 2015-05-11T00:02:20+08:00 ] 127.0.0.1 /htdocs/index.php/Home/index/lessons
INFO: [ app_init ] --START--
INFO: Run Behavior\BuildLiteBehavior [ RunTime:0.000000s ]
INFO: [ app_init ] --END-- [ RunTime:0.001000s ]

[ 2015-05-11T00:02:21+08:00 ] 127.0.0.1 /htdocs/index.php/Home/index/lessons_add
INFO: [ app_init ] --START--
INFO: Run Behavior\BuildLiteBehavior [ RunTime:0.000000s ]
INFO: [ app_init ] --END-- [ RunTime:0.002000s ]

[ 2015-05-11T00:02:50+08:00 ] 127.0.0.1 /htdocs/index.php/Home/index/lessons
INFO: [ app_init ] --START--
INFO: Run Behavior\BuildLiteBehavior [ RunTime:0.001000s ]
INFO: [ app_init ] --END-- [ RunTime:0.002000s ]

[ 2015-05-11T00:02:50+08:00 ] 127.0.0.1 /htdocs/index.php/Home/index/lessons
INFO: [ app_init ] --START--
INFO: Run Behavior\BuildLiteBehavior [ RunTime:0.000000s ]
INFO: [ app_init ] --END-- [ RunTime:0.001000s ]

[ 2015-05-11T00:02:50+08:00 ] 127.0.0.1 /htdocs/index.php/Home/index/lessons
INFO: [ app_init ] --START--
INFO: Run Behavior\BuildLiteBehavior [ RunTime:0.000000s ]
INFO: [ app_init ] --END-- [ RunTime:0.002000s ]

[ 2015-05-11T00:02:50+08:00 ] 127.0.0.1 /htdocs/index.php/Home/index/lessons
INFO: [ app_init ] --START--
INFO: Run Behavior\BuildLiteBehavior [ RunTime:0.000000s ]
INFO: [ app_init ] --END-- [ RunTime:0.003000s ]

[ 2015-05-11T00:02:51+08:00 ] 127.0.0.1 /htdocs/index.php/Home/index/
INFO: [ app_init ] --START--
INFO: Run Behavior\BuildLiteBehavior [ RunTime:0.000000s ]
INFO: [ app_init ] --END-- [ RunTime:0.003000s ]

[ 2015-05-11T00:02:52+08:00 ] 127.0.0.1 /htdocs/index.php/Home/index/lessons
INFO: [ app_init ] --START--
INFO: Run Behavior\BuildLiteBehavior [ RunTime:0.000000s ]
INFO: [ app_init ] --END-- [ RunTime:0.002001s ]

[ 2015-05-11T00:02:52+08:00 ] 127.0.0.1 /htdocs/index.php/Home/index/welcome
INFO: [ app_init ] --START--
INFO: Run Behavior\BuildLiteBehavior [ RunTime:0.000000s ]
INFO: [ app_init ] --END-- [ RunTime:0.002000s ]

[ 2015-05-11T00:02:53+08:00 ] 127.0.0.1 /htdocs/index.php/Home/index/lessons_add
INFO: [ app_init ] --START--
INFO: Run Behavior\BuildLiteBehavior [ RunTime:0.000000s ]
INFO: [ app_init ] --END-- [ RunTime:0.001000s ]

[ 2015-05-11T00:03:11+08:00 ] 127.0.0.1 /htdocs/index.php/Home/index/lessons
INFO: [ app_init ] --START--
INFO: Run Behavior\BuildLiteBehavior [ RunTime:0.000000s ]
INFO: [ app_init ] --END-- [ RunTime:0.002000s ]

[ 2015-05-11T00:03:12+08:00 ] 127.0.0.1 /htdocs/index.php/Home/index/lessons
INFO: [ app_init ] --START--
INFO: Run Behavior\BuildLiteBehavior [ RunTime:0.000000s ]
INFO: [ app_init ] --END-- [ RunTime:0.002000s ]

[ 2015-05-11T00:03:13+08:00 ] 127.0.0.1 /htdocs/index.php/Home/index/lessons_add
INFO: [ app_init ] --START--
INFO: Run Behavior\BuildLiteBehavior [ RunTime:0.000000s ]
INFO: [ app_init ] --END-- [ RunTime:0.002000s ]

[ 2015-05-11T00:08:53+08:00 ] 127.0.0.1 /htdocs/index.php/Home/index/
INFO: [ app_init ] --START--
INFO: Run Behavior\BuildLiteBehavior [ RunTime:0.000000s ]
INFO: [ app_init ] --END-- [ RunTime:0.002000s ]

[ 2015-05-11T00:08:55+08:00 ] 127.0.0.1 /htdocs/index.php/Home/index/lessons
INFO: [ app_init ] --START--
INFO: Run Behavior\BuildLiteBehavior [ RunTime:0.000000s ]
INFO: [ app_init ] --END-- [ RunTime:0.002000s ]

[ 2015-05-11T00:08:55+08:00 ] 127.0.0.1 /htdocs/index.php/Home/index/welcome
INFO: [ app_init ] --START--
INFO: Run Behavior\BuildLiteBehavior [ RunTime:0.001000s ]
INFO: [ app_init ] --END-- [ RunTime:0.003000s ]

[ 2015-05-11T00:08:56+08:00 ] 127.0.0.1 /htdocs/index.php/Home/index/lessons
INFO: [ app_init ] --START--
INFO: Run Behavior\BuildLiteBehavior [ RunTime:0.000000s ]
INFO: [ app_init ] --END-- [ RunTime:0.002001s ]

[ 2015-05-11T00:08:57+08:00 ] 127.0.0.1 /htdocs/index.php/Home/index/lessons_add
INFO: [ app_init ] --START--
INFO: Run Behavior\BuildLiteBehavior [ RunTime:0.001000s ]
INFO: [ app_init ] --END-- [ RunTime:0.002000s ]

[ 2015-05-11T00:12:07+08:00 ] 127.0.0.1 /htdocs/index.php/Home/index/
INFO: [ app_init ] --START--
INFO: Run Behavior\BuildLiteBehavior [ RunTime:0.000000s ]
INFO: [ app_init ] --END-- [ RunTime:0.002000s ]

[ 2015-05-11T00:12:09+08:00 ] 127.0.0.1 /htdocs/index.php/Home/index/lessons
INFO: [ app_init ] --START--
INFO: Run Behavior\BuildLiteBehavior [ RunTime:0.000000s ]
INFO: [ app_init ] --END-- [ RunTime:0.002000s ]

[ 2015-05-11T00:12:09+08:00 ] 127.0.0.1 /htdocs/index.php/Home/index/welcome
INFO: [ app_init ] --START--
INFO: Run Behavior\BuildLiteBehavior [ RunTime:0.000000s ]
INFO: [ app_init ] --END-- [ RunTime:0.002000s ]

[ 2015-05-11T00:12:10+08:00 ] 127.0.0.1 /htdocs/index.php/Home/index/
INFO: [ app_init ] --START--
INFO: Run Behavior\BuildLiteBehavior [ RunTime:0.001000s ]
INFO: [ app_init ] --END-- [ RunTime:0.002000s ]

[ 2015-05-11T00:12:12+08:00 ] 127.0.0.1 /htdocs/index.php/Home/index/welcome
INFO: [ app_init ] --START--
INFO: Run Behavior\BuildLiteBehavior [ RunTime:0.000000s ]
INFO: [ app_init ] --END-- [ RunTime:0.004000s ]

[ 2015-05-11T00:12:12+08:00 ] 127.0.0.1 /htdocs/index.php/Home/index/lessons
INFO: [ app_init ] --START--
INFO: Run Behavior\BuildLiteBehavior [ RunTime:0.000000s ]
INFO: [ app_init ] --END-- [ RunTime:0.010001s ]

[ 2015-05-11T00:12:13+08:00 ] 127.0.0.1 /htdocs/index.php/Home/index/lessons_add
INFO: [ app_init ] --START--
INFO: Run Behavior\BuildLiteBehavior [ RunTime:0.000000s ]
INFO: [ app_init ] --END-- [ RunTime:0.004000s ]

[ 2015-05-11T00:12:20+08:00 ] 127.0.0.1 /htdocs/index.php/Home/index/lessons_add?
INFO: [ app_init ] --START--
INFO: Run Behavior\BuildLiteBehavior [ RunTime:0.000000s ]
INFO: [ app_init ] --END-- [ RunTime:0.002001s ]
ERR: 非法操作:

[ 2015-05-11T00:12:56+08:00 ] 127.0.0.1 /htdocs/index.php/Home/index/lessons
INFO: [ app_init ] --START--
INFO: Run Behavior\BuildLiteBehavior [ RunTime:0.000000s ]
INFO: [ app_init ] --END-- [ RunTime:0.002000s ]

[ 2015-05-11T00:12:56+08:00 ] 127.0.0.1 /htdocs/index.php/Home/index/lessons
INFO: [ app_init ] --START--
INFO: Run Behavior\BuildLiteBehavior [ RunTime:0.000000s ]
INFO: [ app_init ] --END-- [ RunTime:0.001000s ]

[ 2015-05-11T00:12:57+08:00 ] 127.0.0.1 /htdocs/index.php/Home/index/lessons_add
INFO: [ app_init ] --START--
INFO: Run Behavior\BuildLiteBehavior [ RunTime:0.000000s ]
INFO: [ app_init ] --END-- [ RunTime:0.002000s ]

[ 2015-05-11T00:13:00+08:00 ] 127.0.0.1 /htdocs/index.php/Home/index/lessons_add?
INFO: [ app_init ] --START--
INFO: Run Behavior\BuildLiteBehavior [ RunTime:0.000000s ]
INFO: [ app_init ] --END-- [ RunTime:0.001000s ]
ERR: 非法操作:

[ 2015-05-11T00:13:21+08:00 ] 127.0.0.1 /htdocs/index.php/Home/index/lessons
INFO: [ app_init ] --START--
INFO: Run Behavior\BuildLiteBehavior [ RunTime:0.000000s ]
INFO: [ app_init ] --END-- [ RunTime:0.001000s ]

[ 2015-05-11T00:13:23+08:00 ] 127.0.0.1 /htdocs/index.php/Home/index/lessons_add
INFO: [ app_init ] --START--
INFO: Run Behavior\BuildLiteBehavior [ RunTime:0.000000s ]
INFO: [ app_init ] --END-- [ RunTime:0.003000s ]

[ 2015-05-11T00:13:25+08:00 ] 127.0.0.1 /htdocs/index.php/Home/index/lessons_add?
INFO: [ app_init ] --START--
INFO: Run Behavior\BuildLiteBehavior [ RunTime:0.000000s ]
INFO: [ app_init ] --END-- [ RunTime:0.002000s ]
ERR: 非法操作:

[ 2015-05-11T00:14:18+08:00 ] 127.0.0.1 /htdocs/index.php/Home/index/lessons_add?
INFO: [ app_init ] --START--
INFO: Run Behavior\BuildLiteBehavior [ RunTime:0.000000s ]
INFO: [ app_init ] --END-- [ RunTime:0.002000s ]
ERR: 非法操作:

[ 2015-05-11T00:14:22+08:00 ] 127.0.0.1 /htdocs/index.php/Home/index/
INFO: [ app_init ] --START--
INFO: Run Behavior\BuildLiteBehavior [ RunTime:0.001000s ]
INFO: [ app_init ] --END-- [ RunTime:0.002000s ]

[ 2015-05-11T00:14:24+08:00 ] 127.0.0.1 /htdocs/index.php/Home/index/welcome
INFO: [ app_init ] --START--
INFO: Run Behavior\BuildLiteBehavior [ RunTime:0.000000s ]
INFO: [ app_init ] --END-- [ RunTime:0.002001s ]

[ 2015-05-11T00:14:31+08:00 ] 127.0.0.1 /htdocs/index.php/Home/index/lessons
INFO: [ app_init ] --START--
INFO: Run Behavior\BuildLiteBehavior [ RunTime:0.000000s ]
INFO: [ app_init ] --END-- [ RunTime:0.002000s ]

[ 2015-05-11T00:14:32+08:00 ] 127.0.0.1 /htdocs/index.php/Home/index/lessons_add
INFO: [ app_init ] --START--
INFO: Run Behavior\BuildLiteBehavior [ RunTime:0.001000s ]
INFO: [ app_init ] --END-- [ RunTime:0.002000s ]

[ 2015-05-11T00:14:34+08:00 ] 127.0.0.1 /htdocs/index.php/Home/index/lessons_add
INFO: [ app_init ] --START--
INFO: Run Behavior\BuildLiteBehavior [ RunTime:0.000000s ]
INFO: [ app_init ] --END-- [ RunTime:0.002001s ]
ERR: 非法操作:

[ 2015-05-11T00:16:35+08:00 ] 127.0.0.1 /htdocs/index.php/Home/index/lessons
INFO: [ app_init ] --START--
INFO: Run Behavior\BuildLiteBehavior [ RunTime:0.000000s ]
INFO: [ app_init ] --END-- [ RunTime:0.001000s ]

[ 2015-05-11T00:16:37+08:00 ] 127.0.0.1 /htdocs/index.php/Home/index/lessons_add
INFO: [ app_init ] --START--
INFO: Run Behavior\BuildLiteBehavior [ RunTime:0.000000s ]
INFO: [ app_init ] --END-- [ RunTime:0.001000s ]

[ 2015-05-11T00:16:41+08:00 ] 127.0.0.1 /htdocs/index.php/Home/index/lessons_add
INFO: [ app_init ] --START--
INFO: Run Behavior\BuildLiteBehavior [ RunTime:0.001000s ]
INFO: [ app_init ] --END-- [ RunTime:0.002001s ]
ERR: 非法操作:

[ 2015-05-11T00:18:21+08:00 ] 127.0.0.1 /htdocs/index.php/Home/index/lessons
INFO: [ app_init ] --START--
INFO: Run Behavior\BuildLiteBehavior [ RunTime:0.000000s ]
INFO: [ app_init ] --END-- [ RunTime:0.001000s ]

[ 2015-05-11T00:18:22+08:00 ] 127.0.0.1 /htdocs/index.php/Home/index/lessons_add
INFO: [ app_init ] --START--
INFO: Run Behavior\BuildLiteBehavior [ RunTime:0.000000s ]
INFO: [ app_init ] --END-- [ RunTime:0.002000s ]

[ 2015-05-11T00:18:26+08:00 ] 127.0.0.1 /htdocs/index.php/Home/index/lessons_add
INFO: [ app_init ] --START--
INFO: Run Behavior\BuildLiteBehavior [ RunTime:0.001000s ]
INFO: [ app_init ] --END-- [ RunTime:0.002000s ]
ERR: 非法操作:

[ 2015-05-11T00:18:48+08:00 ] 127.0.0.1 /htdocs/index.php/Home/index/lessons_add
INFO: [ app_init ] --START--
INFO: Run Behavior\BuildLiteBehavior [ RunTime:0.000000s ]
INFO: [ app_init ] --END-- [ RunTime:0.002000s ]

[ 2015-05-11T00:18:49+08:00 ] 127.0.0.1 /htdocs/index.php/Home/index/lessons_add
INFO: [ app_init ] --START--
INFO: Run Behavior\BuildLiteBehavior [ RunTime:0.000000s ]
INFO: [ app_init ] --END-- [ RunTime:0.003000s ]

[ 2015-05-11T00:18:51+08:00 ] 127.0.0.1 /htdocs/index.php/Home/index/lessons_add?
INFO: [ app_init ] --START--
INFO: Run Behavior\BuildLiteBehavior [ RunTime:0.000000s ]
INFO: [ app_init ] --END-- [ RunTime:0.002000s ]
ERR: 非法操作:

[ 2015-05-11T00:19:21+08:00 ] 127.0.0.1 /htdocs/index.php/Home/index/lessons
INFO: [ app_init ] --START--
INFO: Run Behavior\BuildLiteBehavior [ RunTime:0.000000s ]
INFO: [ app_init ] --END-- [ RunTime:0.002000s ]

[ 2015-05-11T00:19:22+08:00 ] 127.0.0.1 /htdocs/index.php/Home/index/lessons_add
INFO: [ app_init ] --START--
INFO: Run Behavior\BuildLiteBehavior [ RunTime:0.000000s ]
INFO: [ app_init ] --END-- [ RunTime:0.001000s ]

[ 2015-05-11T00:19:25+08:00 ] 127.0.0.1 /htdocs/index.php/Home/index/lessons_add?
INFO: [ app_init ] --START--
INFO: Run Behavior\BuildLiteBehavior [ RunTime:0.000000s ]
INFO: [ app_init ] --END-- [ RunTime:0.002001s ]
ERR: 非法操作:

[ 2015-05-11T00:20:11+08:00 ] 127.0.0.1 /htdocs/index.php/Home/index/lessons
INFO: [ app_init ] --START--
INFO: Run Behavior\BuildLiteBehavior [ RunTime:0.000000s ]
INFO: [ app_init ] --END-- [ RunTime:0.002000s ]

[ 2015-05-11T00:20:13+08:00 ] 127.0.0.1 /htdocs/index.php/Home/index/lessons_add
INFO: [ app_init ] --START--
INFO: Run Behavior\BuildLiteBehavior [ RunTime:0.000000s ]
INFO: [ app_init ] --END-- [ RunTime:0.002000s ]

[ 2015-05-11T00:20:25+08:00 ] 127.0.0.1 /htdocs/index.php/Home/index/lessons_add
INFO: [ app_init ] --START--
INFO: Run Behavior\BuildLiteBehavior [ RunTime:0.000000s ]
INFO: [ app_init ] --END-- [ RunTime:0.001000s ]

[ 2015-05-11T00:20:28+08:00 ] 127.0.0.1 /htdocs/index.php/Home/index/lessons_add
INFO: [ app_init ] --START--
INFO: Run Behavior\BuildLiteBehavior [ RunTime:0.000000s ]
INFO: [ app_init ] --END-- [ RunTime:0.001000s ]

[ 2015-05-11T00:20:28+08:00 ] 127.0.0.1 /htdocs/index.php/Home/index/lessons_add
INFO: [ app_init ] --START--
INFO: Run Behavior\BuildLiteBehavior [ RunTime:0.000000s ]
INFO: [ app_init ] --END-- [ RunTime:0.002000s ]

[ 2015-05-11T00:20:29+08:00 ] 127.0.0.1 /htdocs/index.php/Home/index/lessons_add
INFO: [ app_init ] --START--
INFO: Run Behavior\BuildLiteBehavior [ RunTime:0.001000s ]
INFO: [ app_init ] --END-- [ RunTime:0.003001s ]

[ 2015-05-11T00:20:29+08:00 ] 127.0.0.1 /htdocs/index.php/Home/index/lessons_add
INFO: [ app_init ] --START--
INFO: Run Behavior\BuildLiteBehavior [ RunTime:0.001000s ]
INFO: [ app_init ] --END-- [ RunTime:0.004000s ]

[ 2015-05-11T00:20:29+08:00 ] 127.0.0.1 /htdocs/index.php/Home/index/lessons_add
INFO: [ app_init ] --START--
INFO: Run Behavior\BuildLiteBehavior [ RunTime:0.000000s ]
INFO: [ app_init ] --END-- [ RunTime:0.002000s ]

[ 2015-05-11T00:20:30+08:00 ] 127.0.0.1 /htdocs/index.php/Home/index/lessons_add
INFO: [ app_init ] --START--
INFO: Run Behavior\BuildLiteBehavior [ RunTime:0.000000s ]
INFO: [ app_init ] --END-- [ RunTime:0.002000s ]

[ 2015-05-11T00:20:30+08:00 ] 127.0.0.1 /htdocs/index.php/Home/index/lessons_add
INFO: [ app_init ] --START--
INFO: Run Behavior\BuildLiteBehavior [ RunTime:0.001000s ]
INFO: [ app_init ] --END-- [ RunTime:0.002000s ]

[ 2015-05-11T00:20:30+08:00 ] 127.0.0.1 /htdocs/index.php/Home/index/lessons_add
INFO: [ app_init ] --START--
INFO: Run Behavior\BuildLiteBehavior [ RunTime:0.000000s ]
INFO: [ app_init ] --END-- [ RunTime:0.001000s ]

[ 2015-05-11T00:20:30+08:00 ] 127.0.0.1 /htdocs/index.php/Home/index/lessons_add
INFO: [ app_init ] --START--
INFO: Run Behavior\BuildLiteBehavior [ RunTime:0.000000s ]
INFO: [ app_init ] --END-- [ RunTime:0.003001s ]

[ 2015-05-11T00:20:30+08:00 ] 127.0.0.1 /htdocs/index.php/Home/index/lessons_add
INFO: [ app_init ] --START--
INFO: Run Behavior\BuildLiteBehavior [ RunTime:0.000000s ]
INFO: [ app_init ] --END-- [ RunTime:0.002000s ]

[ 2015-05-11T00:20:30+08:00 ] 127.0.0.1 /htdocs/index.php/Home/index/lessons_add
INFO: [ app_init ] --START--
INFO: Run Behavior\BuildLiteBehavior [ RunTime:0.000000s ]
INFO: [ app_init ] --END-- [ RunTime:0.002001s ]

[ 2015-05-11T00:20:31+08:00 ] 127.0.0.1 /htdocs/index.php/Home/index/lessons_add
INFO: [ app_init ] --START--
INFO: Run Behavior\BuildLiteBehavior [ RunTime:0.000000s ]
INFO: [ app_init ] --END-- [ RunTime:0.002000s ]

[ 2015-05-11T00:20:36+08:00 ] 127.0.0.1 /htdocs/index.php/Home/index/lessons_add
INFO: [ app_init ] --START--
INFO: Run Behavior\BuildLiteBehavior [ RunTime:0.000000s ]
INFO: [ app_init ] --END-- [ RunTime:0.002000s ]

[ 2015-05-11T00:20:36+08:00 ] 127.0.0.1 /htdocs/index.php/Home/index/lessons_add
INFO: [ app_init ] --START--
INFO: Run Behavior\BuildLiteBehavior [ RunTime:0.000000s ]
INFO: [ app_init ] --END-- [ RunTime:0.003001s ]

[ 2015-05-11T00:20:36+08:00 ] 127.0.0.1 /htdocs/index.php/Home/index/lessons_add
INFO: [ app_init ] --START--
INFO: Run Behavior\BuildLiteBehavior [ RunTime:0.000000s ]
INFO: [ app_init ] --END-- [ RunTime:0.003001s ]

[ 2015-05-11T00:20:36+08:00 ] 127.0.0.1 /htdocs/index.php/Home/index/lessons_add
INFO: [ app_init ] --START--
INFO: Run Behavior\BuildLiteBehavior [ RunTime:0.000000s ]
INFO: [ app_init ] --END-- [ RunTime:0.002000s ]

[ 2015-05-11T00:20:37+08:00 ] 127.0.0.1 /htdocs/index.php/Home/index/lessons_add
INFO: [ app_init ] --START--
INFO: Run Behavior\BuildLiteBehavior [ RunTime:0.000000s ]
INFO: [ app_init ] --END-- [ RunTime:0.003000s ]

[ 2015-05-11T00:20:37+08:00 ] 127.0.0.1 /htdocs/index.php/Home/index/lessons_add
INFO: [ app_init ] --START--
INFO: Run Behavior\BuildLiteBehavior [ RunTime:0.001000s ]
INFO: [ app_init ] --END-- [ RunTime:0.003000s ]

[ 2015-05-11T00:20:37+08:00 ] 127.0.0.1 /htdocs/index.php/Home/index/lessons_add
INFO: [ app_init ] --START--
INFO: Run Behavior\BuildLiteBehavior [ RunTime:0.000000s ]
INFO: [ app_init ] --END-- [ RunTime:0.005000s ]

[ 2015-05-11T00:20:37+08:00 ] 127.0.0.1 /htdocs/index.php/Home/index/lessons_add
INFO: [ app_init ] --START--
INFO: Run Behavior\BuildLiteBehavior [ RunTime:0.000000s ]
INFO: [ app_init ] --END-- [ RunTime:0.002001s ]

[ 2015-05-11T00:20:37+08:00 ] 127.0.0.1 /htdocs/index.php/Home/index/lessons_add
INFO: [ app_init ] --START--
INFO: Run Behavior\BuildLiteBehavior [ RunTime:0.000000s ]
INFO: [ app_init ] --END-- [ RunTime:0.002000s ]

[ 2015-05-11T00:20:37+08:00 ] 127.0.0.1 /htdocs/index.php/Home/index/lessons_add
INFO: [ app_init ] --START--
INFO: Run Behavior\BuildLiteBehavior [ RunTime:0.000000s ]
INFO: [ app_init ] --END-- [ RunTime:0.001000s ]

[ 2015-05-11T00:21:12+08:00 ] 127.0.0.1 /htdocs/index.php/Home/index/lessons_add
INFO: [ app_init ] --START--
INFO: Run Behavior\BuildLiteBehavior [ RunTime:0.000000s ]
INFO: [ app_init ] --END-- [ RunTime:0.002000s ]

[ 2015-05-11T00:21:13+08:00 ] 127.0.0.1 /htdocs/index.php/Home/index/lessons_add
INFO: [ app_init ] --START--
INFO: Run Behavior\BuildLiteBehavior [ RunTime:0.001000s ]
INFO: [ app_init ] --END-- [ RunTime:0.003001s ]

[ 2015-05-11T00:21:14+08:00 ] 127.0.0.1 /htdocs/index.php/Home/index/lessons_add
INFO: [ app_init ] --START--
INFO: Run Behavior\BuildLiteBehavior [ RunTime:0.000000s ]
INFO: [ app_init ] --END-- [ RunTime:0.002000s ]

[ 2015-05-11T00:21:14+08:00 ] 127.0.0.1 /htdocs/index.php/Home/index/lessons_add?
INFO: [ app_init ] --START--
INFO: Run Behavior\BuildLiteBehavior [ RunTime:0.000000s ]
INFO: [ app_init ] --END-- [ RunTime:0.002001s ]

[ 2015-05-11T00:21:54+08:00 ] 127.0.0.1 /htdocs/index.php/Home/index/lessons_add
INFO: [ app_init ] --START--
INFO: Run Behavior\BuildLiteBehavior [ RunTime:0.000000s ]
INFO: [ app_init ] --END-- [ RunTime:0.003000s ]

[ 2015-05-11T00:21:56+08:00 ] 127.0.0.1 /htdocs/index.php/Home/index/lessons_add
INFO: [ app_init ] --START--
INFO: Run Behavior\BuildLiteBehavior [ RunTime:0.000000s ]
INFO: [ app_init ] --END-- [ RunTime:0.002000s ]

[ 2015-05-11T00:21:57+08:00 ] 127.0.0.1 /htdocs/index.php/Home/index/lessons_add
INFO: [ app_init ] --START--
INFO: Run Behavior\BuildLiteBehavior [ RunTime:0.000000s ]
INFO: [ app_init ] --END-- [ RunTime:0.010001s ]

[ 2015-05-11T00:21:57+08:00 ] 127.0.0.1 /htdocs/index.php/Home/index/lessons_add
INFO: [ app_init ] --START--
INFO: Run Behavior\BuildLiteBehavior [ RunTime:0.000000s ]
INFO: [ app_init ] --END-- [ RunTime:0.002000s ]

[ 2015-05-11T00:21:57+08:00 ] 127.0.0.1 /htdocs/index.php/Home/index/lessons_add
INFO: [ app_init ] --START--
INFO: Run Behavior\BuildLiteBehavior [ RunTime:0.000000s ]
INFO: [ app_init ] --END-- [ RunTime:0.002000s ]

[ 2015-05-11T00:21:58+08:00 ] 127.0.0.1 /htdocs/index.php/Home/index/lessons_add
INFO: [ app_init ] --START--
INFO: Run Behavior\BuildLiteBehavior [ RunTime:0.000000s ]
INFO: [ app_init ] --END-- [ RunTime:0.003000s ]

[ 2015-05-11T00:21:58+08:00 ] 127.0.0.1 /htdocs/index.php/Home/index/lessons_add
INFO: [ app_init ] --START--
INFO: Run Behavior\BuildLiteBehavior [ RunTime:0.000000s ]
INFO: [ app_init ] --END-- [ RunTime:0.002000s ]

[ 2015-05-11T00:22:05+08:00 ] 127.0.0.1 /htdocs/index.php/Home/index/lessons_add?
INFO: [ app_init ] --START--
INFO: Run Behavior\BuildLiteBehavior [ RunTime:0.000000s ]
INFO: [ app_init ] --END-- [ RunTime:0.002000s ]

