[ 2015-05-12T08:57:37+08:00 ] 192.168.1.120 /
INFO: [ app_init ] --START--
INFO: Run Behavior\BuildLiteBehavior [ RunTime:0.000031s ]
INFO: [ app_init ] --END-- [ RunTime:0.001211s ]

[ 2015-05-12T08:57:37+08:00 ] 192.168.1.120 /index.php/Home/Index/login
INFO: [ app_init ] --START--
INFO: Run Behavior\BuildLiteBehavior [ RunTime:0.000017s ]
INFO: [ app_init ] --END-- [ RunTime:0.000425s ]

[ 2015-05-12T08:57:52+08:00 ] 192.168.1.120 /index.php/Home/index/login
INFO: [ app_init ] --START--
INFO: Run Behavior\BuildLiteBehavior [ RunTime:0.000019s ]
INFO: [ app_init ] --END-- [ RunTime:0.000521s ]
ERR: SQLSTATE[28000] [1045] Access denied for user 'root'@'localhost' (using password: NO)

[ 2015-05-12T08:58:19+08:00 ] 192.168.1.120 /index.php/Home/index/login
INFO: [ app_init ] --START--
INFO: Run Behavior\BuildLiteBehavior [ RunTime:0.000023s ]
INFO: [ app_init ] --END-- [ RunTime:0.000609s ]
ERR: SQLSTATE[28000] [1045] Access denied for user 'root'@'localhost' (using password: NO)

[ 2015-05-12T08:59:38+08:00 ] 192.168.1.120 /
INFO: [ app_init ] --START--
INFO: Run Behavior\BuildLiteBehavior [ RunTime:0.000019s ]
INFO: [ app_init ] --END-- [ RunTime:0.000560s ]

[ 2015-05-12T08:59:38+08:00 ] 192.168.1.120 /index.php/Home/Index/login
INFO: [ app_init ] --START--
INFO: Run Behavior\BuildLiteBehavior [ RunTime:0.000027s ]
INFO: [ app_init ] --END-- [ RunTime:0.000722s ]

[ 2015-05-12T08:59:50+08:00 ] 192.168.1.120 /index.php/Home/index/login
INFO: [ app_init ] --START--
INFO: Run Behavior\BuildLiteBehavior [ RunTime:0.000023s ]
INFO: [ app_init ] --END-- [ RunTime:0.000696s ]

[ 2015-05-12T08:59:51+08:00 ] 192.168.1.120 /index.php/Home/index/index
INFO: [ app_init ] --START--
INFO: Run Behavior\BuildLiteBehavior [ RunTime:0.000034s ]
INFO: [ app_init ] --END-- [ RunTime:0.000985s ]

[ 2015-05-12T08:59:54+08:00 ] 192.168.1.120 /index.php/Home/index/welcome
INFO: [ app_init ] --START--
INFO: Run Behavior\BuildLiteBehavior [ RunTime:0.000021s ]
INFO: [ app_init ] --END-- [ RunTime:0.000590s ]

[ 2015-05-12T08:59:56+08:00 ] 192.168.1.120 /index.php/Home/index/lottory
INFO: [ app_init ] --START--
INFO: Run Behavior\BuildLiteBehavior [ RunTime:0.000019s ]
INFO: [ app_init ] --END-- [ RunTime:0.000492s ]

[ 2015-05-12T09:00:30+08:00 ] 192.168.1.120 /index.php/Home/index/lottory_view?id=11
INFO: [ app_init ] --START--
INFO: Run Behavior\BuildLiteBehavior [ RunTime:0.000035s ]
INFO: [ app_init ] --END-- [ RunTime:0.000958s ]

[ 2015-05-12T09:00:41+08:00 ] 192.168.1.120 /index.php/Home/index/lottory
INFO: [ app_init ] --START--
INFO: Run Behavior\BuildLiteBehavior [ RunTime:0.000025s ]
INFO: [ app_init ] --END-- [ RunTime:0.000596s ]

[ 2015-05-12T09:00:42+08:00 ] 192.168.1.120 /index.php/Home/index/lottory_add
INFO: [ app_init ] --START--
INFO: Run Behavior\BuildLiteBehavior [ RunTime:0.000034s ]
INFO: [ app_init ] --END-- [ RunTime:0.000950s ]

